<?xml version="1.0" encoding="UTF-8"?>
<testsuite name="com.tasktracker.service.TaskServiceTest" tests="6" skipped="0" failures="0" errors="0" timestamp="2026-05-28T14:20:50" hostname="TEMA" time="2.853">
  <properties/>
  <testcase name="delete_success()" classname="com.tasktracker.service.TaskServiceTest" time="2.603"/>
  <testcase name="getAll_returnsOnlyOwnerTasks()" classname="com.tasktracker.service.TaskServiceTest" time="0.172"/>
  <testcase name="changeStatus_toWaiting_clearsDoneAt()" classname="com.tasktracker.service.TaskServiceTest" time="0.013"/>
  <testcase name="create_success()" classname="com.tasktracker.service.TaskServiceTest" time="0.011"/>
  <testcase name="getOne_notOwned_throwsNotFound()" classname="com.tasktracker.service.TaskServiceTest" time="0.016"/>
  <testcase name="changeStatus_toDone_setsDoneAt()" classname="com.tasktracker.service.TaskServiceTest" time="0.009"/>
  <system-out><![CDATA[]]></system-out>
  <system-err><![CDATA[WARNING: A Java agent has been loaded dynamically (C:\Users\Arti2\.gradle\caches\modules-2\files-2.1\net.bytebuddy\byte-buddy-agent\1.14.13\979ce25f7d3096a2e82214ba7dc972a05ce7a171\byte-buddy-agent-1.14.13.jar)
WARNING: If a serviceability tool is in use, please run with -XX:+EnableDynamicAgentLoading to hide this warning
WARNING: If a serviceability tool is not in use, please run with -Djdk.instrument.traceUsage for more information
WARNING: Dynamic loading of agents will be disallowed by default in a future release
]]></system-err>
</testsuite>
